<?xml version="1.0" encoding="UTF-8"?>
<testng-results ignored="0" total="1" passed="1" failed="0" skipped="0">
  <reporter-output>
  </reporter-output>
  <suite started-at="2021-01-29T03:50:28Z" name="Default suite" finished-at="2021-01-29T03:50:50Z" duration-ms="22778">
    <groups>
    </groups>
    <test started-at="2021-01-29T03:50:28Z" name="Default test" finished-at="2021-01-29T03:50:50Z" duration-ms="22778">
      <class name="testscripts.FindHotelsE2e">
        <test-method is-config="true" signature="startSession()[pri:0, instance:testscripts.FindHotelsE2e@1f81aa00]" started-at="2021-01-29T09:20:28Z" name="startSession" finished-at="2021-01-29T09:20:41Z" duration-ms="12925" status="PASS">
          <reporter-output>
          </reporter-output>
        </test-method> <!-- startSession -->
        <test-method signature="testScript001()[pri:0, instance:testscripts.FindHotelsE2e@1f81aa00]" started-at="2021-01-29T09:20:41Z" name="testScript001" finished-at="2021-01-29T09:20:50Z" duration-ms="9711" status="PASS">
          <reporter-output>
          </reporter-output>
        </test-method> <!-- testScript001 -->
        <test-method is-config="true" signature="closeSession()[pri:0, instance:testscripts.FindHotelsE2e@1f81aa00]" started-at="2021-01-29T09:20:50Z" name="closeSession" finished-at="2021-01-29T09:20:50Z" duration-ms="122" status="PASS">
          <reporter-output>
          </reporter-output>
        </test-method> <!-- closeSession -->
      </class> <!-- testscripts.FindHotelsE2e -->
    </test> <!-- Default test -->
  </suite> <!-- Default suite -->
</testng-results>
